Started GET "/" for 127.0.0.1 at 2019-03-28 00:35:47 -0400
  
ActiveRecord::PendingMigrationError (

Migrations are pending. To resolve this issue, run:

        bin/rails db:migrate RAILS_ENV=development

):
  
activerecord (5.2.2) lib/active_record/migration.rb:579:in `check_pending!'
activerecord (5.2.2) lib/active_record/migration.rb:556:in `call'
actionpack (5.2.2) lib/action_dispatch/middleware/callbacks.rb:28:in `block in call'
activesupport (5.2.2) lib/active_support/callbacks.rb:98:in `run_callbacks'
actionpack (5.2.2) lib/action_dispatch/middleware/callbacks.rb:26:in `call'
actionpack (5.2.2) lib/action_dispatch/middleware/executor.rb:14:in `call'
actionpack (5.2.2) lib/action_dispatch/middleware/debug_exceptions.rb:61:in `call'
web-console (3.7.0) lib/web_console/middleware.rb:135:in `call_app'
web-console (3.7.0) lib/web_console/middleware.rb:30:in `block in call'
web-console (3.7.0) lib/web_console/middleware.rb:20:in `catch'
web-console (3.7.0) lib/web_console/middleware.rb:20:in `call'
actionpack (5.2.2) lib/action_dispatch/middleware/show_exceptions.rb:33:in `call'
railties (5.2.2) lib/rails/rack/logger.rb:38:in `call_app'
railties (5.2.2) lib/rails/rack/logger.rb:26:in `block in call'
activesupport (5.2.2) lib/active_support/tagged_logging.rb:71:in `block in tagged'
activesupport (5.2.2) lib/active_support/tagged_logging.rb:28:in `tagged'
activesupport (5.2.2) lib/active_support/tagged_logging.rb:71:in `tagged'
railties (5.2.2) lib/rails/rack/logger.rb:26:in `call'
sprockets-rails (3.2.1) lib/sprockets/rails/quiet_assets.rb:13:in `call'
actionpack (5.2.2) lib/action_dispatch/middleware/remote_ip.rb:81:in `call'
actionpack (5.2.2) lib/action_dispatch/middleware/request_id.rb:27:in `call'
rack (2.0.6) lib/rack/method_override.rb:22:in `call'
rack (2.0.6) lib/rack/runtime.rb:22:in `call'
activesupport (5.2.2) lib/active_support/cache/strategy/local_cache_middleware.rb:29:in `call'
actionpack (5.2.2) lib/action_dispatch/middleware/executor.rb:14:in `call'
actionpack (5.2.2) lib/action_dispatch/middleware/static.rb:127:in `call'
rack (2.0.6) lib/rack/sendfile.rb:111:in `call'
railties (5.2.2) lib/rails/engine.rb:524:in `call'
puma (3.12.0) lib/puma/configuration.rb:225:in `call'
puma (3.12.0) lib/puma/server.rb:658:in `handle_request'
puma (3.12.0) lib/puma/server.rb:472:in `process_client'
puma (3.12.0) lib/puma/server.rb:332:in `block in run'
puma (3.12.0) lib/puma/thread_pool.rb:133:in `block in spawn_thread'
  [1m[35m (0.1ms)[0m  [1m[34mSELECT sqlite_version(*)[0m
  ↳ bin/rails:9
  [1m[35m (3.0ms)[0m  [1m[35mCREATE TABLE "schema_migrations" ("version" varchar NOT NULL PRIMARY KEY)[0m
  ↳ bin/rails:9
  [1m[35m (3.9ms)[0m  [1m[35mCREATE TABLE "ar_internal_metadata" ("key" varchar NOT NULL PRIMARY KEY, "value" varchar, "created_at" datetime NOT NULL, "updated_at" datetime NOT NULL)[0m
  ↳ bin/rails:9
  [1m[35m (0.2ms)[0m  [1m[34mSELECT "schema_migrations"."version" FROM "schema_migrations" ORDER BY "schema_migrations"."version" ASC[0m
  ↳ bin/rails:9
Migrating to CreatePosts (20181220163513)
  [1m[35m (0.1ms)[0m  [1m[36mbegin transaction[0m
  ↳ bin/rails:9
  [1m[35m (0.8ms)[0m  [1m[35mCREATE TABLE "posts" ("id" integer PRIMARY KEY AUTOINCREMENT NOT NULL, "title" varchar, "body" text, "created_at" datetime NOT NULL, "updated_at" datetime NOT NULL)[0m
  ↳ db/migrate/20181220163513_create_posts.rb:3
  [1m[36mActiveRecord::SchemaMigration Create (0.3ms)[0m  [1m[32mINSERT INTO "schema_migrations" ("version") VALUES (?)[0m  [["version", "20181220163513"]]
  ↳ bin/rails:9
  [1m[35m (2.8ms)[0m  [1m[36mcommit transaction[0m
  ↳ bin/rails:9
Migrating to CreateCkeditorAssets (20181220184545)
  [1m[35m (0.1ms)[0m  [1m[36mbegin transaction[0m
  ↳ bin/rails:9
  [1m[35m (0.8ms)[0m  [1m[35mCREATE TABLE "ckeditor_assets" ("id" integer PRIMARY KEY AUTOINCREMENT NOT NULL, "data_file_name" varchar NOT NULL, "data_content_type" varchar, "data_file_size" integer, "type" varchar(30), "width" integer, "height" integer, "created_at" datetime NOT NULL, "updated_at" datetime NOT NULL)[0m
  ↳ db/migrate/20181220184545_create_ckeditor_assets.rb:3
  [1m[35m (0.2ms)[0m  [1m[35mCREATE  INDEX "index_ckeditor_assets_on_type" ON "ckeditor_assets" ("type")[0m
  ↳ db/migrate/20181220184545_create_ckeditor_assets.rb:16
  [1m[36mActiveRecord::SchemaMigration Create (0.3ms)[0m  [1m[32mINSERT INTO "schema_migrations" ("version") VALUES (?)[0m  [["version", "20181220184545"]]
  ↳ bin/rails:9
  [1m[35m (2.8ms)[0m  [1m[36mcommit transaction[0m
  ↳ bin/rails:9
Migrating to DeviseCreateAdmins (20181221002703)
  [1m[35m (0.1ms)[0m  [1m[36mbegin transaction[0m
  ↳ bin/rails:9
  [1m[35m (3.7ms)[0m  [1m[35mCREATE TABLE "admins" ("id" integer PRIMARY KEY AUTOINCREMENT NOT NULL, "email" varchar DEFAULT '' NOT NULL, "encrypted_password" varchar DEFAULT '' NOT NULL, "reset_password_token" varchar, "reset_password_sent_at" datetime, "remember_created_at" datetime, "sign_in_count" integer DEFAULT 0 NOT NULL, "current_sign_in_at" datetime, "last_sign_in_at" datetime, "current_sign_in_ip" varchar, "last_sign_in_ip" varchar, "confirmation_token" varchar, "confirmed_at" datetime, "confirmation_sent_at" datetime, "unconfirmed_email" varchar, "created_at" datetime NOT NULL, "updated_at" datetime NOT NULL)[0m
  ↳ db/migrate/20181221002703_devise_create_admins.rb:5
  [1m[35m (0.3ms)[0m  [1m[35mCREATE UNIQUE INDEX "index_admins_on_email" ON "admins" ("email")[0m
  ↳ db/migrate/20181221002703_devise_create_admins.rb:39
  [1m[35m (0.2ms)[0m  [1m[35mCREATE UNIQUE INDEX "index_admins_on_reset_password_token" ON "admins" ("reset_password_token")[0m
  ↳ db/migrate/20181221002703_devise_create_admins.rb:40
  [1m[36mActiveRecord::SchemaMigration Create (0.3ms)[0m  [1m[32mINSERT INTO "schema_migrations" ("version") VALUES (?)[0m  [["version", "20181221002703"]]
  ↳ bin/rails:9
  [1m[35m (2.8ms)[0m  [1m[36mcommit transaction[0m
  ↳ bin/rails:9
Migrating to AddAvatarToAdmins (20181221170500)
  [1m[35m (0.1ms)[0m  [1m[36mbegin transaction[0m
  ↳ bin/rails:9
  [1m[35m (1.0ms)[0m  [1m[35mALTER TABLE "admins" ADD "avatar" varchar[0m
  ↳ db/migrate/20181221170500_add_avatar_to_admins.rb:3
  [1m[36mActiveRecord::SchemaMigration Create (0.3ms)[0m  [1m[32mINSERT INTO "schema_migrations" ("version") VALUES (?)[0m  [["version", "20181221170500"]]
  ↳ bin/rails:9
  [1m[35m (5.1ms)[0m  [1m[36mcommit transaction[0m
  ↳ bin/rails:9
Migrating to AddAdminToPosts (20190327230216)
  [1m[35m (0.1ms)[0m  [1m[36mbegin transaction[0m
  ↳ bin/rails:9
  [1m[35m (0.8ms)[0m  [1m[35mALTER TABLE "posts" ADD "admin_id" integer[0m
  ↳ db/migrate/20190327230216_add_admin_to_posts.rb:3
  [1m[35m (0.6ms)[0m  [1m[35mCREATE  INDEX "index_posts_on_admin_id" ON "posts" ("admin_id")[0m
  ↳ db/migrate/20190327230216_add_admin_to_posts.rb:3
  [1m[36mActiveRecord::SchemaMigration Create (0.3ms)[0m  [1m[32mINSERT INTO "schema_migrations" ("version") VALUES (?)[0m  [["version", "20190327230216"]]
  ↳ bin/rails:9
  [1m[35m (2.8ms)[0m  [1m[36mcommit transaction[0m
  ↳ bin/rails:9
  [1m[36mActiveRecord::InternalMetadata Load (0.4ms)[0m  [1m[34mSELECT  "ar_internal_metadata".* FROM "ar_internal_metadata" WHERE "ar_internal_metadata"."key" = ? LIMIT ?[0m  [["key", "environment"], ["LIMIT", 1]]
  ↳ bin/rails:9
  [1m[35m (0.1ms)[0m  [1m[36mbegin transaction[0m
  ↳ bin/rails:9
  [1m[36mActiveRecord::InternalMetadata Create (0.7ms)[0m  [1m[32mINSERT INTO "ar_internal_metadata" ("key", "value", "created_at", "updated_at") VALUES (?, ?, ?, ?)[0m  [["key", "environment"], ["value", "development"], ["created_at", "2019-03-28 04:36:33.569860"], ["updated_at", "2019-03-28 04:36:33.569860"]]
  ↳ bin/rails:9
  [1m[35m (2.6ms)[0m  [1m[36mcommit transaction[0m
  ↳ bin/rails:9
  [1m[35m (0.7ms)[0m  [1m[34mSELECT "schema_migrations"."version" FROM "schema_migrations" ORDER BY "schema_migrations"."version" ASC[0m
  ↳ bin/rails:9
Started GET "/" for 127.0.0.1 at 2019-03-28 00:36:42 -0400
  [1m[35m (0.2ms)[0m  [1m[34mSELECT "schema_migrations"."version" FROM "schema_migrations" ORDER BY "schema_migrations"."version" ASC[0m
  ↳ /Users/celsosilva/.rvm/gems/ruby-2.5.3/gems/activerecord-5.2.2/lib/active_record/log_subscriber.rb:98
Processing by PagesController#welcome as HTML
  Rendering pages/welcome.html.erb within layouts/application
  Rendered pages/welcome.html.erb within layouts/application (1.3ms)
  [1m[36mAdmin Load (0.4ms)[0m  [1m[34mSELECT  "admins".* FROM "admins" WHERE "admins"."id" = ? ORDER BY "admins"."id" ASC LIMIT ?[0m  [["id", 1], ["LIMIT", 1]]
  ↳ app/views/layouts/_header.html.erb:5
  Rendered layouts/_header.html.erb (29.3ms)
  Rendered layouts/_footer.html.erb (0.6ms)
Completed 200 OK in 19198ms (Views: 19175.9ms | ActiveRecord: 2.5ms)


Started GET "/admins/sign_in" for 127.0.0.1 at 2019-03-28 00:37:09 -0400
Processing by Devise::SessionsController#new as HTML
  Rendering admins/sessions/new.html.erb within layouts/application
  Rendered admins/shared/_links.html.erb (1.5ms)
  Rendered admins/sessions/new.html.erb within layouts/application (181.7ms)
  Rendered layouts/_header.html.erb (1.2ms)
  Rendered layouts/_footer.html.erb (0.4ms)
Completed 200 OK in 382ms (Views: 348.8ms | ActiveRecord: 0.0ms)


Started GET "/" for 127.0.0.1 at 2019-03-28 00:37:16 -0400
Processing by PagesController#welcome as HTML
  Rendering pages/welcome.html.erb within layouts/application
  Rendered pages/welcome.html.erb within layouts/application (0.6ms)
  Rendered layouts/_header.html.erb (3.7ms)
  Rendered layouts/_footer.html.erb (0.9ms)
Completed 200 OK in 216ms (Views: 208.4ms | ActiveRecord: 0.0ms)


Started GET "/" for 127.0.0.1 at 2019-03-28 00:39:04 -0400
Processing by PagesController#welcome as HTML
  Rendering pages/welcome.html.erb within layouts/application
  Rendered pages/welcome.html.erb within layouts/application (0.3ms)
  Rendered layouts/_header.html.erb (0.8ms)
  Rendered layouts/_footer.html.erb (0.6ms)
Completed 200 OK in 130ms (Views: 127.9ms | ActiveRecord: 0.0ms)


Started GET "/" for 127.0.0.1 at 2019-03-28 00:39:08 -0400
Processing by PagesController#welcome as HTML
  Rendering pages/welcome.html.erb within layouts/application
  Rendered pages/welcome.html.erb within layouts/application (0.3ms)
  Rendered layouts/_header.html.erb (0.9ms)
  Rendered layouts/_footer.html.erb (0.3ms)
Completed 200 OK in 105ms (Views: 101.6ms | ActiveRecord: 0.0ms)


Started GET "/" for 127.0.0.1 at 2019-03-28 00:39:09 -0400
Processing by PagesController#welcome as HTML
  Rendering pages/welcome.html.erb within layouts/application
  Rendered pages/welcome.html.erb within layouts/application (0.3ms)
  Rendered layouts/_header.html.erb (1.0ms)
  Rendered layouts/_footer.html.erb (0.7ms)
Completed 200 OK in 107ms (Views: 103.5ms | ActiveRecord: 0.0ms)


Started GET "/" for 127.0.0.1 at 2019-03-28 00:39:24 -0400
  [1m[35m (0.2ms)[0m  [1m[34mSELECT "schema_migrations"."version" FROM "schema_migrations" ORDER BY "schema_migrations"."version" ASC[0m
  ↳ /Users/celsosilva/.rvm/gems/ruby-2.5.3/gems/activerecord-5.2.2/lib/active_record/log_subscriber.rb:98
Processing by PagesController#welcome as HTML
  Rendering pages/welcome.html.erb within layouts/application
  Rendered pages/welcome.html.erb within layouts/application (1.1ms)
  Rendered layouts/_header.html.erb (20.7ms)
  Rendered layouts/_footer.html.erb (0.4ms)
Completed 200 OK in 5725ms (Views: 5707.0ms | ActiveRecord: 0.0ms)


Started GET "/" for 127.0.0.1 at 2019-03-28 00:39:33 -0400
Processing by PagesController#welcome as HTML
  Rendering pages/welcome.html.erb within layouts/application
  Rendered pages/welcome.html.erb within layouts/application (0.5ms)
  Rendered layouts/_header.html.erb (1.6ms)
  Rendered layouts/_footer.html.erb (0.5ms)
Completed 200 OK in 172ms (Views: 167.3ms | ActiveRecord: 0.0ms)


Started GET "/" for 127.0.0.1 at 2019-03-28 00:40:18 -0400
  [1m[35m (0.2ms)[0m  [1m[34mSELECT "schema_migrations"."version" FROM "schema_migrations" ORDER BY "schema_migrations"."version" ASC[0m
  ↳ /Users/celsosilva/.rvm/gems/ruby-2.5.3/gems/activerecord-5.2.2/lib/active_record/log_subscriber.rb:98
Processing by PagesController#welcome as HTML
  Rendering pages/welcome.html.erb within layouts/application
  Rendered pages/welcome.html.erb within layouts/application (0.8ms)
  Rendered layouts/_header.html.erb (7.5ms)
  Rendered layouts/_footer.html.erb (0.5ms)
Completed 200 OK in 2901ms (Views: 2890.4ms | ActiveRecord: 0.0ms)


Started GET "/" for 127.0.0.1 at 2019-03-28 00:40:23 -0400
Processing by PagesController#welcome as HTML
  Rendering pages/welcome.html.erb within layouts/application
  Rendered pages/welcome.html.erb within layouts/application (0.6ms)
  Rendered layouts/_header.html.erb (1.5ms)
  Rendered layouts/_footer.html.erb (0.4ms)
Completed 200 OK in 160ms (Views: 155.5ms | ActiveRecord: 0.0ms)


Started GET "/admins/sign_in" for 127.0.0.1 at 2019-03-28 00:40:24 -0400
Processing by Devise::SessionsController#new as HTML
  Rendering admins/sessions/new.html.erb within layouts/application
  Rendered admins/shared/_links.html.erb (2.0ms)
  Rendered admins/sessions/new.html.erb within layouts/application (18.2ms)
  Rendered layouts/_header.html.erb (2.0ms)
  Rendered layouts/_footer.html.erb (0.4ms)
Completed 200 OK in 188ms (Views: 137.4ms | ActiveRecord: 2.1ms)


Started GET "/" for 127.0.0.1 at 2019-03-28 00:40:28 -0400
Processing by PagesController#welcome as HTML
  Rendering pages/welcome.html.erb within layouts/application
  Rendered pages/welcome.html.erb within layouts/application (0.5ms)
  Rendered layouts/_header.html.erb (2.2ms)
  Rendered layouts/_footer.html.erb (0.9ms)
Completed 200 OK in 196ms (Views: 190.8ms | ActiveRecord: 0.0ms)


Started GET "/" for 127.0.0.1 at 2019-03-28 00:42:04 -0400
  [1m[35m (0.2ms)[0m  [1m[34mSELECT "schema_migrations"."version" FROM "schema_migrations" ORDER BY "schema_migrations"."version" ASC[0m
  ↳ /Users/celsosilva/.rvm/gems/ruby-2.5.3/gems/activerecord-5.2.2/lib/active_record/log_subscriber.rb:98
Processing by PagesController#welcome as HTML
  Rendering pages/welcome.html.erb within layouts/application
  Rendered pages/welcome.html.erb within layouts/application (0.8ms)
  Rendered layouts/_header.html.erb (16.8ms)
  Rendered layouts/_footer.html.erb (37.9ms)
Completed 200 OK in 2998ms (Views: 2985.0ms | ActiveRecord: 0.0ms)


Started GET "/" for 127.0.0.1 at 2019-03-28 00:42:10 -0400
Processing by PagesController#welcome as HTML
  Rendering pages/welcome.html.erb within layouts/application
  Rendered pages/welcome.html.erb within layouts/application (0.6ms)
  Rendered layouts/_header.html.erb (2.0ms)
  Rendered layouts/_footer.html.erb (0.6ms)
Completed 200 OK in 171ms (Views: 164.9ms | ActiveRecord: 0.0ms)


Started GET "/" for 127.0.0.1 at 2019-03-28 00:42:11 -0400
Processing by PagesController#welcome as HTML
  Rendering pages/welcome.html.erb within layouts/application
  Rendered pages/welcome.html.erb within layouts/application (1.7ms)
  Rendered layouts/_header.html.erb (2.3ms)
  Rendered layouts/_footer.html.erb (0.4ms)
Completed 200 OK in 152ms (Views: 146.1ms | ActiveRecord: 0.0ms)


Started GET "/" for 127.0.0.1 at 2019-03-28 00:42:13 -0400
Processing by PagesController#welcome as HTML
  Rendering pages/welcome.html.erb within layouts/application
  Rendered pages/welcome.html.erb within layouts/application (0.6ms)
  Rendered layouts/_header.html.erb (1.2ms)
  Rendered layouts/_footer.html.erb (0.5ms)
Completed 200 OK in 154ms (Views: 150.6ms | ActiveRecord: 0.0ms)


Started GET "/" for 127.0.0.1 at 2019-03-28 00:42:15 -0400
Processing by PagesController#welcome as HTML
  Rendering pages/welcome.html.erb within layouts/application
  Rendered pages/welcome.html.erb within layouts/application (0.3ms)
  Rendered layouts/_header.html.erb (0.8ms)
  Rendered layouts/_footer.html.erb (0.7ms)
Completed 200 OK in 175ms (Views: 172.2ms | ActiveRecord: 0.0ms)


Started GET "/admins/sign_in" for 127.0.0.1 at 2019-03-28 00:42:34 -0400
Processing by Devise::SessionsController#new as HTML
  Rendering admins/sessions/new.html.erb within layouts/application
  Rendered admins/shared/_links.html.erb (2.4ms)
  Rendered admins/sessions/new.html.erb within layouts/application (14.9ms)
  Rendered layouts/_header.html.erb (0.7ms)
  Rendered layouts/_footer.html.erb (0.3ms)
Completed 200 OK in 147ms (Views: 111.5ms | ActiveRecord: 0.7ms)


Started GET "/" for 127.0.0.1 at 2019-03-28 00:42:41 -0400
Processing by PagesController#welcome as HTML
  Rendering pages/welcome.html.erb within layouts/application
  Rendered pages/welcome.html.erb within layouts/application (0.7ms)
  Rendered layouts/_header.html.erb (1.8ms)
  Rendered layouts/_footer.html.erb (0.7ms)
Completed 200 OK in 203ms (Views: 196.6ms | ActiveRecord: 0.0ms)


Started GET "/" for 127.0.0.1 at 2019-03-28 00:49:11 -0400
  [1m[35m (0.4ms)[0m  [1m[34mSELECT "schema_migrations"."version" FROM "schema_migrations" ORDER BY "schema_migrations"."version" ASC[0m
  ↳ /Users/celsosilva/.rvm/gems/ruby-2.5.3/gems/activerecord-5.2.2/lib/active_record/log_subscriber.rb:98
Processing by PagesController#welcome as HTML
  Rendering pages/welcome.html.erb within layouts/application
  Rendered pages/welcome.html.erb within layouts/application (3.6ms)
  Rendered layouts/_header.html.erb (6.1ms)
  Rendered layouts/_footer.html.erb (0.6ms)
Completed 200 OK in 5399ms (Views: 5382.6ms | ActiveRecord: 0.0ms)


Started GET "/admins/sign_in" for 127.0.0.1 at 2019-03-28 00:49:22 -0400
Processing by Devise::SessionsController#new as HTML
  Rendering admins/sessions/new.html.erb within layouts/application
  Rendered admins/shared/_links.html.erb (1.5ms)
  Rendered admins/sessions/new.html.erb within layouts/application (53.2ms)
  Rendered layouts/_header.html.erb (1.5ms)
  Rendered layouts/_footer.html.erb (0.5ms)
Completed 200 OK in 235ms (Views: 181.5ms | ActiveRecord: 1.9ms)


Started POST "/admins/sign_in" for 127.0.0.1 at 2019-03-28 00:49:33 -0400
Processing by Devise::SessionsController#create as HTML
  Parameters: {"utf8"=>"✓", "authenticity_token"=>"FlqJw7nx9fW7JxDmgEHxffkOQ3jE9/5iwk/h8bM/WIZriQFer+kFhKMTPNWFhLftq3s0EqvFuXrchZEn4hu5EQ==", "admin"=>{"email"=>"silva@gmail.com", "password"=>"[FILTERED]", "remember_me"=>"0"}, "commit"=>"Log in"}
  [1m[36mAdmin Load (3.2ms)[0m  [1m[34mSELECT  "admins".* FROM "admins" WHERE "admins"."email" = ? ORDER BY "admins"."id" ASC LIMIT ?[0m  [["email", "silva@gmail.com"], ["LIMIT", 1]]
  ↳ /Users/celsosilva/.rvm/gems/ruby-2.5.3/gems/activerecord-5.2.2/lib/active_record/log_subscriber.rb:98
Completed 401 Unauthorized in 19ms (ActiveRecord: 3.2ms)


Processing by Devise::SessionsController#new as HTML
  Parameters: {"utf8"=>"✓", "authenticity_token"=>"FlqJw7nx9fW7JxDmgEHxffkOQ3jE9/5iwk/h8bM/WIZriQFer+kFhKMTPNWFhLftq3s0EqvFuXrchZEn4hu5EQ==", "admin"=>{"email"=>"silva@gmail.com", "password"=>"[FILTERED]", "remember_me"=>"0"}, "commit"=>"Log in"}
  Rendering admins/sessions/new.html.erb within layouts/application
  Rendered admins/shared/_links.html.erb (2.6ms)
  Rendered admins/sessions/new.html.erb within layouts/application (18.8ms)
  Rendered layouts/_header.html.erb (2.8ms)
  Rendered layouts/_footer.html.erb (0.5ms)
Completed 200 OK in 503ms (Views: 271.8ms | ActiveRecord: 0.0ms)


Started GET "/admins/sign_up" for 127.0.0.1 at 2019-03-28 00:49:36 -0400
Processing by Devise::RegistrationsController#new as HTML
  Rendering admins/registrations/new.html.erb within layouts/application
  Rendered admins/shared/_links.html.erb (3.6ms)
  Rendered admins/registrations/new.html.erb within layouts/application (19.7ms)
  Rendered layouts/_header.html.erb (1.3ms)
  Rendered layouts/_footer.html.erb (0.8ms)
Completed 200 OK in 169ms (Views: 166.4ms | ActiveRecord: 0.0ms)


Started POST "/admins" for 127.0.0.1 at 2019-03-28 00:49:51 -0400
Processing by Devise::RegistrationsController#create as HTML
  Parameters: {"utf8"=>"✓", "authenticity_token"=>"AbULyHkMAP7T+D/Yhfy6zevbb8HJYjHipU/OwGyfzLR8ZoNVbxTwj8vME+uAOfxdua4Yq6ZQdvq7hb4WPbstIw==", "admin"=>{"email"=>"silva@hotmail.com", "password"=>"[FILTERED]", "password_confirmation"=>"[FILTERED]", "avatar_cache"=>""}, "commit"=>"Sign up"}
  [1m[35m (0.1ms)[0m  [1m[36mbegin transaction[0m
  ↳ /Users/celsosilva/.rvm/gems/ruby-2.5.3/gems/activerecord-5.2.2/lib/active_record/log_subscriber.rb:98
  [1m[36mAdmin Exists (0.3ms)[0m  [1m[34mSELECT  1 AS one FROM "admins" WHERE "admins"."email" = ? LIMIT ?[0m  [["email", "silva@hotmail.com"], ["LIMIT", 1]]
  ↳ /Users/celsosilva/.rvm/gems/ruby-2.5.3/gems/activerecord-5.2.2/lib/active_record/log_subscriber.rb:98
  [1m[36mAdmin Create (3.2ms)[0m  [1m[32mINSERT INTO "admins" ("email", "encrypted_password", "created_at", "updated_at") VALUES (?, ?, ?, ?)[0m  [["email", "silva@hotmail.com"], ["encrypted_password", "$2a$11$AlZm5n4WWmqw4njCvPc0Ue0QpLW6iDOjVqpRRBOH56wIzW.sGiby."], ["created_at", "2019-03-28 04:49:51.264211"], ["updated_at", "2019-03-28 04:49:51.264211"]]
  ↳ /Users/celsosilva/.rvm/gems/ruby-2.5.3/gems/activerecord-5.2.2/lib/active_record/log_subscriber.rb:98
  [1m[35m (6.1ms)[0m  [1m[36mcommit transaction[0m
  ↳ /Users/celsosilva/.rvm/gems/ruby-2.5.3/gems/activerecord-5.2.2/lib/active_record/log_subscriber.rb:98
  [1m[35m (0.1ms)[0m  [1m[36mbegin transaction[0m
  ↳ /Users/celsosilva/.rvm/gems/ruby-2.5.3/gems/activerecord-5.2.2/lib/active_record/log_subscriber.rb:98
  [1m[36mAdmin Update (0.6ms)[0m  [1m[33mUPDATE "admins" SET "sign_in_count" = ?, "current_sign_in_at" = ?, "last_sign_in_at" = ?, "current_sign_in_ip" = ?, "last_sign_in_ip" = ?, "updated_at" = ? WHERE "admins"."id" = ?[0m  [["sign_in_count", 1], ["current_sign_in_at", "2019-03-28 04:49:51.281680"], ["last_sign_in_at", "2019-03-28 04:49:51.281680"], ["current_sign_in_ip", "127.0.0.1"], ["last_sign_in_ip", "127.0.0.1"], ["updated_at", "2019-03-28 04:49:51.282663"], ["id", 1]]
  ↳ /Users/celsosilva/.rvm/gems/ruby-2.5.3/gems/activerecord-5.2.2/lib/active_record/log_subscriber.rb:98
  [1m[35m (2.8ms)[0m  [1m[36mcommit transaction[0m
  ↳ /Users/celsosilva/.rvm/gems/ruby-2.5.3/gems/activerecord-5.2.2/lib/active_record/log_subscriber.rb:98
Redirected to http://localhost:3000/
Completed 302 Found in 253ms (ActiveRecord: 13.2ms)


Started GET "/" for 127.0.0.1 at 2019-03-28 00:49:51 -0400
Processing by PagesController#welcome as HTML
  Rendering pages/welcome.html.erb within layouts/application
  Rendered pages/welcome.html.erb within layouts/application (0.5ms)
  [1m[36mAdmin Load (0.3ms)[0m  [1m[34mSELECT  "admins".* FROM "admins" WHERE "admins"."id" = ? ORDER BY "admins"."id" ASC LIMIT ?[0m  [["id", 1], ["LIMIT", 1]]
  ↳ app/views/layouts/_header.html.erb:5
  Rendered layouts/_header.html.erb (7.2ms)
  Rendered layouts/_footer.html.erb (1.3ms)
Completed 200 OK in 139ms (Views: 133.7ms | ActiveRecord: 0.3ms)


Started GET "/" for 127.0.0.1 at 2019-03-28 00:52:02 -0400
Processing by PagesController#welcome as HTML
  Rendering pages/welcome.html.erb within layouts/application
  Rendered pages/welcome.html.erb within layouts/application (0.7ms)
  [1m[36mAdmin Load (0.4ms)[0m  [1m[34mSELECT  "admins".* FROM "admins" WHERE "admins"."id" = ? ORDER BY "admins"."id" ASC LIMIT ?[0m  [["id", 1], ["LIMIT", 1]]
  ↳ app/views/layouts/_header.html.erb:5
  Rendered layouts/_header.html.erb (7.1ms)
  Rendered layouts/_footer.html.erb (0.6ms)
Completed 200 OK in 166ms (Views: 159.6ms | ActiveRecord: 0.4ms)


Started GET "/" for 127.0.0.1 at 2019-03-28 00:53:22 -0400
Processing by PagesController#welcome as HTML
  Rendering pages/welcome.html.erb within layouts/application
  Rendered pages/welcome.html.erb within layouts/application (0.5ms)
  [1m[36mAdmin Load (0.2ms)[0m  [1m[34mSELECT  "admins".* FROM "admins" WHERE "admins"."id" = ? ORDER BY "admins"."id" ASC LIMIT ?[0m  [["id", 1], ["LIMIT", 1]]
  ↳ app/views/layouts/_header.html.erb:5
  Rendered layouts/_header.html.erb (3.1ms)
  Rendered layouts/_footer.html.erb (0.5ms)
Completed 200 OK in 105ms (Views: 100.1ms | ActiveRecord: 0.2ms)


Started GET "/" for 127.0.0.1 at 2019-03-28 00:54:33 -0400
Processing by PagesController#welcome as HTML
  Rendering pages/welcome.html.erb within layouts/application
  Rendered pages/welcome.html.erb within layouts/application (0.3ms)
  [1m[36mAdmin Load (0.4ms)[0m  [1m[34mSELECT  "admins".* FROM "admins" WHERE "admins"."id" = ? ORDER BY "admins"."id" ASC LIMIT ?[0m  [["id", 1], ["LIMIT", 1]]
  ↳ app/views/layouts/_header.html.erb:5
  Rendered layouts/_header.html.erb (3.9ms)
  Rendered layouts/_footer.html.erb (0.5ms)
Completed 200 OK in 123ms (Views: 118.7ms | ActiveRecord: 0.4ms)


Started GET "/" for 127.0.0.1 at 2019-03-28 00:56:07 -0400
Processing by PagesController#welcome as HTML
  Rendering pages/welcome.html.erb within layouts/application
  Rendered pages/welcome.html.erb within layouts/application (0.5ms)
  [1m[36mAdmin Load (0.3ms)[0m  [1m[34mSELECT  "admins".* FROM "admins" WHERE "admins"."id" = ? ORDER BY "admins"."id" ASC LIMIT ?[0m  [["id", 1], ["LIMIT", 1]]
  ↳ app/views/layouts/_header.html.erb:5
  Rendered layouts/_header.html.erb (3.6ms)
  Rendered layouts/_footer.html.erb (3.7ms)
Completed 200 OK in 208ms (Views: 204.2ms | ActiveRecord: 0.3ms)


Started GET "/" for 127.0.0.1 at 2019-03-28 01:00:45 -0400
Processing by PagesController#welcome as HTML
  Rendering pages/welcome.html.erb within layouts/application
  Rendered pages/welcome.html.erb within layouts/application (0.7ms)
  [1m[36mAdmin Load (0.7ms)[0m  [1m[34mSELECT  "admins".* FROM "admins" WHERE "admins"."id" = ? ORDER BY "admins"."id" ASC LIMIT ?[0m  [["id", 1], ["LIMIT", 1]]
  ↳ app/views/layouts/_header.html.erb:5
  Rendered layouts/_header.html.erb (5.5ms)
  Rendered layouts/_footer.html.erb (0.4ms)
Completed 200 OK in 161ms (Views: 155.6ms | ActiveRecord: 0.7ms)


Started GET "/" for 127.0.0.1 at 2019-03-28 01:02:22 -0400
Processing by PagesController#welcome as HTML
  Rendering pages/welcome.html.erb within layouts/application
  Rendered pages/welcome.html.erb within layouts/application (0.4ms)
  [1m[36mAdmin Load (0.4ms)[0m  [1m[34mSELECT  "admins".* FROM "admins" WHERE "admins"."id" = ? ORDER BY "admins"."id" ASC LIMIT ?[0m  [["id", 1], ["LIMIT", 1]]
  ↳ app/views/layouts/_header.html.erb:5
  Rendered layouts/_header.html.erb (2.4ms)
  Rendered layouts/_footer.html.erb (0.3ms)
Completed 200 OK in 116ms (Views: 111.4ms | ActiveRecord: 0.4ms)


Started GET "/" for 127.0.0.1 at 2019-03-28 01:05:58 -0400
Processing by PagesController#welcome as HTML
  Rendering pages/welcome.html.erb within layouts/application
  Rendered pages/welcome.html.erb within layouts/application (0.4ms)
  [1m[36mAdmin Load (0.3ms)[0m  [1m[34mSELECT  "admins".* FROM "admins" WHERE "admins"."id" = ? ORDER BY "admins"."id" ASC LIMIT ?[0m  [["id", 1], ["LIMIT", 1]]
  ↳ app/views/layouts/_header.html.erb:5
  Rendered layouts/_header.html.erb (1.9ms)
  Rendered layouts/_footer.html.erb (0.3ms)
Completed 200 OK in 105ms (Views: 101.9ms | ActiveRecord: 0.3ms)


Started GET "/" for 127.0.0.1 at 2019-03-28 01:08:02 -0400
Processing by PagesController#welcome as HTML
  Rendering pages/welcome.html.erb within layouts/application
  Rendered pages/welcome.html.erb within layouts/application (0.4ms)
  [1m[36mAdmin Load (0.3ms)[0m  [1m[34mSELECT  "admins".* FROM "admins" WHERE "admins"."id" = ? ORDER BY "admins"."id" ASC LIMIT ?[0m  [["id", 1], ["LIMIT", 1]]
  ↳ app/views/layouts/_header.html.erb:5
  Rendered layouts/_header.html.erb (2.1ms)
  Rendered layouts/_footer.html.erb (0.7ms)
Completed 200 OK in 133ms (Views: 128.7ms | ActiveRecord: 0.3ms)


Started GET "/" for 127.0.0.1 at 2019-03-28 01:09:08 -0400
Processing by PagesController#welcome as HTML
  Rendering pages/welcome.html.erb within layouts/application
  Rendered pages/welcome.html.erb within layouts/application (0.5ms)
  [1m[36mAdmin Load (0.3ms)[0m  [1m[34mSELECT  "admins".* FROM "admins" WHERE "admins"."id" = ? ORDER BY "admins"."id" ASC LIMIT ?[0m  [["id", 1], ["LIMIT", 1]]
  ↳ app/views/layouts/_header.html.erb:5
  Rendered layouts/_header.html.erb (3.1ms)
  Rendered layouts/_footer.html.erb (0.7ms)
Completed 200 OK in 107ms (Views: 103.6ms | ActiveRecord: 0.3ms)


Started GET "/" for 127.0.0.1 at 2019-03-28 01:09:52 -0400
Processing by PagesController#welcome as HTML
  Rendering pages/welcome.html.erb within layouts/application
  Rendered pages/welcome.html.erb within layouts/application (0.6ms)
  [1m[36mAdmin Load (0.3ms)[0m  [1m[34mSELECT  "admins".* FROM "admins" WHERE "admins"."id" = ? ORDER BY "admins"."id" ASC LIMIT ?[0m  [["id", 1], ["LIMIT", 1]]
  ↳ app/views/layouts/_header.html.erb:5
  Rendered layouts/_header.html.erb (2.3ms)
  Rendered layouts/_footer.html.erb (0.5ms)
Completed 200 OK in 138ms (Views: 133.3ms | ActiveRecord: 0.3ms)


Started GET "/" for 127.0.0.1 at 2019-03-28 01:10:20 -0400
Processing by PagesController#welcome as HTML
  Rendering pages/welcome.html.erb within layouts/application
  Rendered pages/welcome.html.erb within layouts/application (0.4ms)
  [1m[36mAdmin Load (0.3ms)[0m  [1m[34mSELECT  "admins".* FROM "admins" WHERE "admins"."id" = ? ORDER BY "admins"."id" ASC LIMIT ?[0m  [["id", 1], ["LIMIT", 1]]
  ↳ app/views/layouts/_header.html.erb:5
  Rendered layouts/_header.html.erb (2.3ms)
  Rendered layouts/_footer.html.erb (0.3ms)
Completed 200 OK in 100ms (Views: 94.6ms | ActiveRecord: 0.3ms)


Started GET "/" for 127.0.0.1 at 2019-03-28 01:11:59 -0400
Processing by PagesController#welcome as HTML
  Rendering pages/welcome.html.erb within layouts/application
  Rendered pages/welcome.html.erb within layouts/application (0.5ms)
  [1m[36mAdmin Load (0.3ms)[0m  [1m[34mSELECT  "admins".* FROM "admins" WHERE "admins"."id" = ? ORDER BY "admins"."id" ASC LIMIT ?[0m  [["id", 1], ["LIMIT", 1]]
  ↳ app/views/layouts/_header.html.erb:5
  Rendered layouts/_header.html.erb (2.3ms)
  Rendered layouts/_footer.html.erb (0.8ms)
Completed 200 OK in 218ms (Views: 208.6ms | ActiveRecord: 0.3ms)


Started GET "/contact" for 127.0.0.1 at 2019-03-28 01:12:02 -0400
  
ActionController::RoutingError (No route matches [GET] "/contact"):
  
actionpack (5.2.2) lib/action_dispatch/middleware/debug_exceptions.rb:65:in `call'
web-console (3.7.0) lib/web_console/middleware.rb:135:in `call_app'
web-console (3.7.0) lib/web_console/middleware.rb:30:in `block in call'
web-console (3.7.0) lib/web_console/middleware.rb:20:in `catch'
web-console (3.7.0) lib/web_console/middleware.rb:20:in `call'
actionpack (5.2.2) lib/action_dispatch/middleware/show_exceptions.rb:33:in `call'
railties (5.2.2) lib/rails/rack/logger.rb:38:in `call_app'
railties (5.2.2) lib/rails/rack/logger.rb:26:in `block in call'
activesupport (5.2.2) lib/active_support/tagged_logging.rb:71:in `block in tagged'
activesupport (5.2.2) lib/active_support/tagged_logging.rb:28:in `tagged'
activesupport (5.2.2) lib/active_support/tagged_logging.rb:71:in `tagged'
railties (5.2.2) lib/rails/rack/logger.rb:26:in `call'
sprockets-rails (3.2.1) lib/sprockets/rails/quiet_assets.rb:13:in `call'
actionpack (5.2.2) lib/action_dispatch/middleware/remote_ip.rb:81:in `call'
actionpack (5.2.2) lib/action_dispatch/middleware/request_id.rb:27:in `call'
rack (2.0.6) lib/rack/method_override.rb:22:in `call'
rack (2.0.6) lib/rack/runtime.rb:22:in `call'
activesupport (5.2.2) lib/active_support/cache/strategy/local_cache_middleware.rb:29:in `call'
actionpack (5.2.2) lib/action_dispatch/middleware/executor.rb:14:in `call'
actionpack (5.2.2) lib/action_dispatch/middleware/static.rb:127:in `call'
rack (2.0.6) lib/rack/sendfile.rb:111:in `call'
railties (5.2.2) lib/rails/engine.rb:524:in `call'
puma (3.12.0) lib/puma/configuration.rb:225:in `call'
puma (3.12.0) lib/puma/server.rb:658:in `handle_request'
puma (3.12.0) lib/puma/server.rb:472:in `process_client'
puma (3.12.0) lib/puma/server.rb:332:in `block in run'
puma (3.12.0) lib/puma/thread_pool.rb:133:in `block in spawn_thread'
Started GET "/" for 127.0.0.1 at 2019-03-28 01:13:15 -0400
Processing by PagesController#welcome as HTML
  Rendering pages/welcome.html.erb within layouts/application
  Rendered pages/welcome.html.erb within layouts/application (0.5ms)
  [1m[36mAdmin Load (0.8ms)[0m  [1m[34mSELECT  "admins".* FROM "admins" WHERE "admins"."id" = ? ORDER BY "admins"."id" ASC LIMIT ?[0m  [["id", 1], ["LIMIT", 1]]
  ↳ app/views/layouts/_header.html.erb:5
  Rendered layouts/_header.html.erb (42.4ms)
  Rendered layouts/_footer.html.erb (0.5ms)
Completed 200 OK in 205ms (Views: 194.0ms | ActiveRecord: 3.0ms)


Started GET "/contact" for 127.0.0.1 at 2019-03-28 01:13:17 -0400
  
ActionController::RoutingError (No route matches [GET] "/contact"):
  
actionpack (5.2.2) lib/action_dispatch/middleware/debug_exceptions.rb:65:in `call'
web-console (3.7.0) lib/web_console/middleware.rb:135:in `call_app'
web-console (3.7.0) lib/web_console/middleware.rb:30:in `block in call'
web-console (3.7.0) lib/web_console/middleware.rb:20:in `catch'
web-console (3.7.0) lib/web_console/middleware.rb:20:in `call'
actionpack (5.2.2) lib/action_dispatch/middleware/show_exceptions.rb:33:in `call'
railties (5.2.2) lib/rails/rack/logger.rb:38:in `call_app'
railties (5.2.2) lib/rails/rack/logger.rb:26:in `block in call'
activesupport (5.2.2) lib/active_support/tagged_logging.rb:71:in `block in tagged'
activesupport (5.2.2) lib/active_support/tagged_logging.rb:28:in `tagged'
activesupport (5.2.2) lib/active_support/tagged_logging.rb:71:in `tagged'
railties (5.2.2) lib/rails/rack/logger.rb:26:in `call'
sprockets-rails (3.2.1) lib/sprockets/rails/quiet_assets.rb:13:in `call'
actionpack (5.2.2) lib/action_dispatch/middleware/remote_ip.rb:81:in `call'
actionpack (5.2.2) lib/action_dispatch/middleware/request_id.rb:27:in `call'
rack (2.0.6) lib/rack/method_override.rb:22:in `call'
rack (2.0.6) lib/rack/runtime.rb:22:in `call'
activesupport (5.2.2) lib/active_support/cache/strategy/local_cache_middleware.rb:29:in `call'
actionpack (5.2.2) lib/action_dispatch/middleware/executor.rb:14:in `call'
actionpack (5.2.2) lib/action_dispatch/middleware/static.rb:127:in `call'
rack (2.0.6) lib/rack/sendfile.rb:111:in `call'
railties (5.2.2) lib/rails/engine.rb:524:in `call'
puma (3.12.0) lib/puma/configuration.rb:225:in `call'
puma (3.12.0) lib/puma/server.rb:658:in `handle_request'
puma (3.12.0) lib/puma/server.rb:472:in `process_client'
puma (3.12.0) lib/puma/server.rb:332:in `block in run'
puma (3.12.0) lib/puma/thread_pool.rb:133:in `block in spawn_thread'
Started GET "/contact" for 127.0.0.1 at 2019-03-28 01:14:58 -0400
Processing by PagesController#contact as HTML
  Rendering pages/contact.html.erb within layouts/application
  Rendered pages/contact.html.erb within layouts/application (0.4ms)
  [1m[36mAdmin Load (1.1ms)[0m  [1m[34mSELECT  "admins".* FROM "admins" WHERE "admins"."id" = ? ORDER BY "admins"."id" ASC LIMIT ?[0m  [["id", 1], ["LIMIT", 1]]
  ↳ app/views/layouts/_header.html.erb:5
  Rendered layouts/_header.html.erb (51.5ms)
  Rendered layouts/_footer.html.erb (0.5ms)
Completed 200 OK in 240ms (Views: 228.8ms | ActiveRecord: 1.8ms)


Started GET "/" for 127.0.0.1 at 2019-03-28 01:15:06 -0400
Processing by PagesController#welcome as HTML
  Rendering pages/welcome.html.erb within layouts/application
  Rendered pages/welcome.html.erb within layouts/application (0.6ms)
  [1m[36mAdmin Load (0.4ms)[0m  [1m[34mSELECT  "admins".* FROM "admins" WHERE "admins"."id" = ? ORDER BY "admins"."id" ASC LIMIT ?[0m  [["id", 1], ["LIMIT", 1]]
  ↳ app/views/layouts/_header.html.erb:5
  Rendered layouts/_header.html.erb (3.1ms)
  Rendered layouts/_footer.html.erb (0.5ms)
Completed 200 OK in 145ms (Views: 138.2ms | ActiveRecord: 0.4ms)


Started GET "/posts/new" for 127.0.0.1 at 2019-03-28 01:15:07 -0400
Processing by PostsController#new as HTML
  [1m[36mAdmin Load (1.1ms)[0m  [1m[34mSELECT  "admins".* FROM "admins" WHERE "admins"."id" = ? ORDER BY "admins"."id" ASC LIMIT ?[0m  [["id", 1], ["LIMIT", 1]]
  ↳ /Users/celsosilva/.rvm/gems/ruby-2.5.3/gems/activerecord-5.2.2/lib/active_record/log_subscriber.rb:98
  Rendering posts/new.html.erb within layouts/application
  Rendered posts/_form.html.erb (19.2ms)
  Rendered posts/new.html.erb within layouts/application (27.2ms)
  Rendered layouts/_header.html.erb (0.7ms)
  Rendered layouts/_footer.html.erb (0.5ms)
Completed 200 OK in 222ms (Views: 145.7ms | ActiveRecord: 1.9ms)


Started GET "/posts" for 127.0.0.1 at 2019-03-28 01:15:08 -0400
Processing by PostsController#index as HTML
  Rendering posts/index.html.erb within layouts/application
  [1m[36mPost Load (0.6ms)[0m  [1m[34mSELECT "posts".* FROM "posts"[0m
  ↳ app/views/posts/index.html.erb:3
  Rendered posts/index.html.erb within layouts/application (3.2ms)
  [1m[36mAdmin Load (0.4ms)[0m  [1m[34mSELECT  "admins".* FROM "admins" WHERE "admins"."id" = ? ORDER BY "admins"."id" ASC LIMIT ?[0m  [["id", 1], ["LIMIT", 1]]
  ↳ app/views/layouts/_header.html.erb:5
  Rendered layouts/_header.html.erb (3.7ms)
  Rendered layouts/_footer.html.erb (0.6ms)
Completed 200 OK in 135ms (Views: 127.1ms | ActiveRecord: 1.0ms)


Started GET "/admins/edit" for 127.0.0.1 at 2019-03-28 01:15:10 -0400
Processing by Devise::RegistrationsController#edit as HTML
  [1m[36mAdmin Load (0.6ms)[0m  [1m[34mSELECT  "admins".* FROM "admins" WHERE "admins"."id" = ? ORDER BY "admins"."id" ASC LIMIT ?[0m  [["id", 1], ["LIMIT", 1]]
  ↳ /Users/celsosilva/.rvm/gems/ruby-2.5.3/gems/activerecord-5.2.2/lib/active_record/log_subscriber.rb:98
  Rendering admins/registrations/edit.html.erb within layouts/application
  Rendered admins/registrations/edit.html.erb within layouts/application (5.1ms)
  Rendered layouts/_header.html.erb (0.8ms)
  Rendered layouts/_footer.html.erb (0.3ms)
Completed 200 OK in 128ms (Views: 122.7ms | ActiveRecord: 0.6ms)


Started GET "/posts" for 127.0.0.1 at 2019-03-28 01:15:11 -0400
Processing by PostsController#index as HTML
  Rendering posts/index.html.erb within layouts/application
  [1m[36mPost Load (0.3ms)[0m  [1m[34mSELECT "posts".* FROM "posts"[0m
  ↳ app/views/posts/index.html.erb:3
  Rendered posts/index.html.erb within layouts/application (2.4ms)
  [1m[36mAdmin Load (0.4ms)[0m  [1m[34mSELECT  "admins".* FROM "admins" WHERE "admins"."id" = ? ORDER BY "admins"."id" ASC LIMIT ?[0m  [["id", 1], ["LIMIT", 1]]
  ↳ app/views/layouts/_header.html.erb:5
  Rendered layouts/_header.html.erb (3.5ms)
  Rendered layouts/_footer.html.erb (0.5ms)
Completed 200 OK in 187ms (Views: 180.7ms | ActiveRecord: 0.6ms)


Started GET "/posts/new" for 127.0.0.1 at 2019-03-28 01:15:18 -0400
Processing by PostsController#new as HTML
  [1m[36mAdmin Load (0.4ms)[0m  [1m[34mSELECT  "admins".* FROM "admins" WHERE "admins"."id" = ? ORDER BY "admins"."id" ASC LIMIT ?[0m  [["id", 1], ["LIMIT", 1]]
  ↳ /Users/celsosilva/.rvm/gems/ruby-2.5.3/gems/activerecord-5.2.2/lib/active_record/log_subscriber.rb:98
  Rendering posts/new.html.erb within layouts/application
  Rendered posts/_form.html.erb (11.5ms)
  Rendered posts/new.html.erb within layouts/application (15.3ms)
  Rendered layouts/_header.html.erb (1.5ms)
  Rendered layouts/_footer.html.erb (0.5ms)
Completed 200 OK in 226ms (Views: 217.8ms | ActiveRecord: 0.4ms)


Started GET "/posts/contact" for 127.0.0.1 at 2019-03-28 01:15:28 -0400
Processing by PostsController#show as HTML
  Parameters: {"id"=>"contact"}
  [1m[36mAdmin Load (0.4ms)[0m  [1m[34mSELECT  "admins".* FROM "admins" WHERE "admins"."id" = ? ORDER BY "admins"."id" ASC LIMIT ?[0m  [["id", 1], ["LIMIT", 1]]
  ↳ app/controllers/posts_controller.rb:60
  [1m[36mPost Load (0.3ms)[0m  [1m[34mSELECT  "posts".* FROM "posts" WHERE "posts"."admin_id" = ? AND "posts"."id" = ? LIMIT ?[0m  [["admin_id", 1], ["id", 0], ["LIMIT", 1]]
  ↳ app/controllers/posts_controller.rb:60
Completed 404 Not Found in 8ms (ActiveRecord: 0.7ms)


  
ActiveRecord::RecordNotFound (Couldn't find Post with 'id'=contact [WHERE "posts"."admin_id" = ?]):
  
app/controllers/posts_controller.rb:60:in `find_post'
Started GET "/posts/new" for 127.0.0.1 at 2019-03-28 01:15:33 -0400
Processing by PostsController#new as HTML
  [1m[36mAdmin Load (0.5ms)[0m  [1m[34mSELECT  "admins".* FROM "admins" WHERE "admins"."id" = ? ORDER BY "admins"."id" ASC LIMIT ?[0m  [["id", 1], ["LIMIT", 1]]
  ↳ /Users/celsosilva/.rvm/gems/ruby-2.5.3/gems/activerecord-5.2.2/lib/active_record/log_subscriber.rb:98
  Rendering posts/new.html.erb within layouts/application
  Rendered posts/_form.html.erb (14.4ms)
  Rendered posts/new.html.erb within layouts/application (20.9ms)
  Rendered layouts/_header.html.erb (0.9ms)
  Rendered layouts/_footer.html.erb (0.4ms)
Completed 200 OK in 175ms (Views: 164.8ms | ActiveRecord: 0.5ms)


Started GET "/posts/new" for 127.0.0.1 at 2019-03-28 01:15:33 -0400
Processing by PostsController#new as HTML
  [1m[36mAdmin Load (0.3ms)[0m  [1m[34mSELECT  "admins".* FROM "admins" WHERE "admins"."id" = ? ORDER BY "admins"."id" ASC LIMIT ?[0m  [["id", 1], ["LIMIT", 1]]
  ↳ /Users/celsosilva/.rvm/gems/ruby-2.5.3/gems/activerecord-5.2.2/lib/active_record/log_subscriber.rb:98
  Rendering posts/new.html.erb within layouts/application
  Rendered posts/_form.html.erb (9.8ms)
  Rendered posts/new.html.erb within layouts/application (13.4ms)
  Rendered layouts/_header.html.erb (1.1ms)
  Rendered layouts/_footer.html.erb (0.5ms)
Completed 200 OK in 206ms (Views: 197.5ms | ActiveRecord: 0.3ms)


Started GET "/posts/new" for 127.0.0.1 at 2019-03-28 01:15:34 -0400
Processing by PostsController#new as HTML
  [1m[36mAdmin Load (0.3ms)[0m  [1m[34mSELECT  "admins".* FROM "admins" WHERE "admins"."id" = ? ORDER BY "admins"."id" ASC LIMIT ?[0m  [["id", 1], ["LIMIT", 1]]
  ↳ /Users/celsosilva/.rvm/gems/ruby-2.5.3/gems/activerecord-5.2.2/lib/active_record/log_subscriber.rb:98
  Rendering posts/new.html.erb within layouts/application
  Rendered posts/_form.html.erb (9.0ms)
  Rendered posts/new.html.erb within layouts/application (25.2ms)
  Rendered layouts/_header.html.erb (1.1ms)
  Rendered layouts/_footer.html.erb (0.5ms)
Completed 200 OK in 224ms (Views: 217.4ms | ActiveRecord: 0.3ms)


Started GET "/posts/new" for 127.0.0.1 at 2019-03-28 01:15:34 -0400
Processing by PostsController#new as HTML
  [1m[36mAdmin Load (0.3ms)[0m  [1m[34mSELECT  "admins".* FROM "admins" WHERE "admins"."id" = ? ORDER BY "admins"."id" ASC LIMIT ?[0m  [["id", 1], ["LIMIT", 1]]
  ↳ /Users/celsosilva/.rvm/gems/ruby-2.5.3/gems/activerecord-5.2.2/lib/active_record/log_subscriber.rb:98
  Rendering posts/new.html.erb within layouts/application
  Rendered posts/_form.html.erb (18.6ms)
  Rendered posts/new.html.erb within layouts/application (28.7ms)
  Rendered layouts/_header.html.erb (1.2ms)
  Rendered layouts/_footer.html.erb (0.5ms)
Completed 200 OK in 354ms (Views: 343.4ms | ActiveRecord: 0.3ms)


Started GET "/posts/new" for 127.0.0.1 at 2019-03-28 01:15:34 -0400
Processing by PostsController#new as HTML
  [1m[36mAdmin Load (0.4ms)[0m  [1m[34mSELECT  "admins".* FROM "admins" WHERE "admins"."id" = ? ORDER BY "admins"."id" ASC LIMIT ?[0m  [["id", 1], ["LIMIT", 1]]
  ↳ /Users/celsosilva/.rvm/gems/ruby-2.5.3/gems/activerecord-5.2.2/lib/active_record/log_subscriber.rb:98
  Rendering posts/new.html.erb within layouts/application
  Rendered posts/_form.html.erb (34.8ms)
  Rendered posts/new.html.erb within layouts/application (40.5ms)
  Rendered layouts/_header.html.erb (1.3ms)
  Rendered layouts/_footer.html.erb (0.5ms)
Completed 200 OK in 327ms (Views: 318.4ms | ActiveRecord: 0.4ms)


Started GET "/posts/new" for 127.0.0.1 at 2019-03-28 01:15:35 -0400
Processing by PostsController#new as HTML
  [1m[36mAdmin Load (0.3ms)[0m  [1m[34mSELECT  "admins".* FROM "admins" WHERE "admins"."id" = ? ORDER BY "admins"."id" ASC LIMIT ?[0m  [["id", 1], ["LIMIT", 1]]
  ↳ /Users/celsosilva/.rvm/gems/ruby-2.5.3/gems/activerecord-5.2.2/lib/active_record/log_subscriber.rb:98
  Rendering posts/new.html.erb within layouts/application
  Rendered posts/_form.html.erb (10.0ms)
  Rendered posts/new.html.erb within layouts/application (15.4ms)
  Rendered layouts/_header.html.erb (1.9ms)
  Rendered layouts/_footer.html.erb (0.5ms)
Completed 200 OK in 177ms (Views: 170.1ms | ActiveRecord: 0.3ms)


Started GET "/posts/new" for 127.0.0.1 at 2019-03-28 01:15:35 -0400
Processing by PostsController#new as HTML
  [1m[36mAdmin Load (0.4ms)[0m  [1m[34mSELECT  "admins".* FROM "admins" WHERE "admins"."id" = ? ORDER BY "admins"."id" ASC LIMIT ?[0m  [["id", 1], ["LIMIT", 1]]
  ↳ /Users/celsosilva/.rvm/gems/ruby-2.5.3/gems/activerecord-5.2.2/lib/active_record/log_subscriber.rb:98
  Rendering posts/new.html.erb within layouts/application
  Rendered posts/_form.html.erb (9.8ms)
  Rendered posts/new.html.erb within layouts/application (13.5ms)
  Rendered layouts/_header.html.erb (1.2ms)
  Rendered layouts/_footer.html.erb (0.6ms)
Completed 200 OK in 308ms (Views: 294.7ms | ActiveRecord: 0.4ms)


Started GET "/posts/new" for 127.0.0.1 at 2019-03-28 01:15:35 -0400
Processing by PostsController#new as HTML
  [1m[36mAdmin Load (0.3ms)[0m  [1m[34mSELECT  "admins".* FROM "admins" WHERE "admins"."id" = ? ORDER BY "admins"."id" ASC LIMIT ?[0m  [["id", 1], ["LIMIT", 1]]
  ↳ /Users/celsosilva/.rvm/gems/ruby-2.5.3/gems/activerecord-5.2.2/lib/active_record/log_subscriber.rb:98
  Rendering posts/new.html.erb within layouts/application
  Rendered posts/_form.html.erb (9.6ms)
  Rendered posts/new.html.erb within layouts/application (13.4ms)
  Rendered layouts/_header.html.erb (1.3ms)
  Rendered layouts/_footer.html.erb (0.6ms)
Completed 200 OK in 171ms (Views: 164.5ms | ActiveRecord: 0.3ms)


Started GET "/posts/contact" for 127.0.0.1 at 2019-03-28 01:15:39 -0400
Processing by PostsController#show as HTML
  Parameters: {"id"=>"contact"}
  [1m[36mAdmin Load (0.3ms)[0m  [1m[34mSELECT  "admins".* FROM "admins" WHERE "admins"."id" = ? ORDER BY "admins"."id" ASC LIMIT ?[0m  [["id", 1], ["LIMIT", 1]]
  ↳ app/controllers/posts_controller.rb:60
  [1m[36mPost Load (0.3ms)[0m  [1m[34mSELECT  "posts".* FROM "posts" WHERE "posts"."admin_id" = ? AND "posts"."id" = ? LIMIT ?[0m  [["admin_id", 1], ["id", 0], ["LIMIT", 1]]
  ↳ app/controllers/posts_controller.rb:60
Completed 404 Not Found in 5ms (ActiveRecord: 0.6ms)


  
ActiveRecord::RecordNotFound (Couldn't find Post with 'id'=contact [WHERE "posts"."admin_id" = ?]):
  
app/controllers/posts_controller.rb:60:in `find_post'
Started GET "/posts/new" for 127.0.0.1 at 2019-03-28 01:15:41 -0400
Processing by PostsController#new as HTML
  [1m[36mAdmin Load (0.4ms)[0m  [1m[34mSELECT  "admins".* FROM "admins" WHERE "admins"."id" = ? ORDER BY "admins"."id" ASC LIMIT ?[0m  [["id", 1], ["LIMIT", 1]]
  ↳ /Users/celsosilva/.rvm/gems/ruby-2.5.3/gems/activerecord-5.2.2/lib/active_record/log_subscriber.rb:98
  Rendering posts/new.html.erb within layouts/application
  Rendered posts/_form.html.erb (11.0ms)
  Rendered posts/new.html.erb within layouts/application (15.9ms)
  Rendered layouts/_header.html.erb (0.9ms)
  Rendered layouts/_footer.html.erb (0.6ms)
Completed 200 OK in 214ms (Views: 205.6ms | ActiveRecord: 0.4ms)


Started GET "/posts/new" for 127.0.0.1 at 2019-03-28 01:15:41 -0400
Processing by PostsController#new as HTML
  [1m[36mAdmin Load (0.5ms)[0m  [1m[34mSELECT  "admins".* FROM "admins" WHERE "admins"."id" = ? ORDER BY "admins"."id" ASC LIMIT ?[0m  [["id", 1], ["LIMIT", 1]]
  ↳ /Users/celsosilva/.rvm/gems/ruby-2.5.3/gems/activerecord-5.2.2/lib/active_record/log_subscriber.rb:98
  Rendering posts/new.html.erb within layouts/application
  Rendered posts/_form.html.erb (8.3ms)
  Rendered posts/new.html.erb within layouts/application (18.9ms)
  Rendered layouts/_header.html.erb (2.1ms)
  Rendered layouts/_footer.html.erb (0.6ms)
Completed 200 OK in 232ms (Views: 214.2ms | ActiveRecord: 0.5ms)


Started GET "/posts/new" for 127.0.0.1 at 2019-03-28 01:15:41 -0400
Processing by PostsController#new as HTML
  [1m[36mAdmin Load (0.9ms)[0m  [1m[34mSELECT  "admins".* FROM "admins" WHERE "admins"."id" = ? ORDER BY "admins"."id" ASC LIMIT ?[0m  [["id", 1], ["LIMIT", 1]]
  ↳ /Users/celsosilva/.rvm/gems/ruby-2.5.3/gems/activerecord-5.2.2/lib/active_record/log_subscriber.rb:98
  Rendering posts/new.html.erb within layouts/application
  Rendered posts/_form.html.erb (11.7ms)
  Rendered posts/new.html.erb within layouts/application (15.6ms)
  Rendered layouts/_header.html.erb (2.4ms)
  Rendered layouts/_footer.html.erb (0.7ms)
Started GET "/posts" for 127.0.0.1 at 2019-03-28 01:15:41 -0400
Processing by PostsController#index as HTML
  Rendering posts/index.html.erb within layouts/application
  [1m[36mPost Load (0.3ms)[0m  [1m[34mSELECT "posts".* FROM "posts"[0m
  ↳ app/views/posts/index.html.erb:3
  Rendered posts/index.html.erb within layouts/application (3.2ms)
  [1m[36mAdmin Load (0.5ms)[0m  [1m[34mSELECT  "admins".* FROM "admins" WHERE "admins"."id" = ? ORDER BY "admins"."id" ASC LIMIT ?[0m  [["id", 1], ["LIMIT", 1]]
  ↳ app/views/layouts/_header.html.erb:5
  Rendered layouts/_header.html.erb (6.0ms)
  Rendered layouts/_footer.html.erb (1.2ms)
Completed 200 OK in 271ms (Views: 263.8ms | ActiveRecord: 2.1ms)


Started GET "/posts" for 127.0.0.1 at 2019-03-28 01:15:42 -0400
Processing by PostsController#index as HTML
  Rendering posts/index.html.erb within layouts/application
  [1m[36mPost Load (0.3ms)[0m  [1m[34mSELECT "posts".* FROM "posts"[0m
  ↳ app/views/posts/index.html.erb:3
  Rendered posts/index.html.erb within layouts/application (2.9ms)
Completed 200 OK in 544ms (Views: 532.9ms | ActiveRecord: 0.9ms)


  [1m[36mAdmin Load (0.3ms)[0m  [1m[34mSELECT  "admins".* FROM "admins" WHERE "admins"."id" = ? ORDER BY "admins"."id" ASC LIMIT ?[0m  [["id", 1], ["LIMIT", 1]]
  ↳ app/views/layouts/_header.html.erb:5
  Rendered layouts/_header.html.erb (3.0ms)
  Rendered layouts/_footer.html.erb (0.5ms)
Completed 200 OK in 181ms (Views: 176.1ms | ActiveRecord: 0.6ms)


Started GET "/posts" for 127.0.0.1 at 2019-03-28 01:15:42 -0400
Processing by PostsController#index as HTML
  Rendering posts/index.html.erb within layouts/application
  [1m[36mPost Load (0.2ms)[0m  [1m[34mSELECT "posts".* FROM "posts"[0m
  ↳ app/views/posts/index.html.erb:3
  Rendered posts/index.html.erb within layouts/application (12.4ms)
  [1m[36mAdmin Load (0.4ms)[0m  [1m[34mSELECT  "admins".* FROM "admins" WHERE "admins"."id" = ? ORDER BY "admins"."id" ASC LIMIT ?[0m  [["id", 1], ["LIMIT", 1]]
  ↳ app/views/layouts/_header.html.erb:5
  Rendered layouts/_header.html.erb (4.0ms)
  Rendered layouts/_footer.html.erb (0.6ms)
Completed 200 OK in 166ms (Views: 161.7ms | ActiveRecord: 0.6ms)


Started GET "/posts" for 127.0.0.1 at 2019-03-28 01:15:42 -0400
Processing by PostsController#index as HTML
  Rendering posts/index.html.erb within layouts/application
  [1m[36mPost Load (0.3ms)[0m  [1m[34mSELECT "posts".* FROM "posts"[0m
  ↳ app/views/posts/index.html.erb:3
  Rendered posts/index.html.erb within layouts/application (4.2ms)
  [1m[36mAdmin Load (0.3ms)[0m  [1m[34mSELECT  "admins".* FROM "admins" WHERE "admins"."id" = ? ORDER BY "admins"."id" ASC LIMIT ?[0m  [["id", 1], ["LIMIT", 1]]
  ↳ app/views/layouts/_header.html.erb:5
  Rendered layouts/_header.html.erb (4.6ms)
  Rendered layouts/_footer.html.erb (0.7ms)
Completed 200 OK in 193ms (Views: 188.4ms | ActiveRecord: 0.6ms)


Started GET "/posts" for 127.0.0.1 at 2019-03-28 01:15:42 -0400
Processing by PostsController#index as HTML
  Rendering posts/index.html.erb within layouts/application
  [1m[36mPost Load (0.2ms)[0m  [1m[34mSELECT "posts".* FROM "posts"[0m
  ↳ app/views/posts/index.html.erb:3
  Rendered posts/index.html.erb within layouts/application (2.2ms)
  [1m[36mAdmin Load (0.3ms)[0m  [1m[34mSELECT  "admins".* FROM "admins" WHERE "admins"."id" = ? ORDER BY "admins"."id" ASC LIMIT ?[0m  [["id", 1], ["LIMIT", 1]]
  ↳ app/views/layouts/_header.html.erb:5
  Rendered layouts/_header.html.erb (2.3ms)
  Rendered layouts/_footer.html.erb (0.6ms)
Completed 200 OK in 168ms (Views: 143.7ms | ActiveRecord: 0.5ms)


Started GET "/posts" for 127.0.0.1 at 2019-03-28 01:15:42 -0400
Processing by PostsController#index as HTML
  Rendering posts/index.html.erb within layouts/application
  [1m[36mPost Load (0.2ms)[0m  [1m[34mSELECT "posts".* FROM "posts"[0m
  ↳ app/views/posts/index.html.erb:3
  Rendered posts/index.html.erb within layouts/application (2.1ms)
  [1m[36mAdmin Load (0.4ms)[0m  [1m[34mSELECT  "admins".* FROM "admins" WHERE "admins"."id" = ? ORDER BY "admins"."id" ASC LIMIT ?[0m  [["id", 1], ["LIMIT", 1]]
  ↳ app/views/layouts/_header.html.erb:5
  Rendered layouts/_header.html.erb (5.2ms)
  Rendered layouts/_footer.html.erb (0.5ms)
Completed 200 OK in 160ms (Views: 155.5ms | ActiveRecord: 0.6ms)


Started GET "/posts" for 127.0.0.1 at 2019-03-28 01:15:43 -0400
Processing by PostsController#index as HTML
  Rendering posts/index.html.erb within layouts/application
  [1m[36mPost Load (0.3ms)[0m  [1m[34mSELECT "posts".* FROM "posts"[0m
  ↳ app/views/posts/index.html.erb:3
  Rendered posts/index.html.erb within layouts/application (2.3ms)
  [1m[36mAdmin Load (0.4ms)[0m  [1m[34mSELECT  "admins".* FROM "admins" WHERE "admins"."id" = ? ORDER BY "admins"."id" ASC LIMIT ?[0m  [["id", 1], ["LIMIT", 1]]
  ↳ app/views/layouts/_header.html.erb:5
  Rendered layouts/_header.html.erb (4.9ms)
  Rendered layouts/_footer.html.erb (0.7ms)
Completed 200 OK in 139ms (Views: 134.7ms | ActiveRecord: 0.7ms)


Started GET "/posts" for 127.0.0.1 at 2019-03-28 01:15:43 -0400
Processing by PostsController#index as HTML
  Rendering posts/index.html.erb within layouts/application
  [1m[36mPost Load (0.2ms)[0m  [1m[34mSELECT "posts".* FROM "posts"[0m
  ↳ app/views/posts/index.html.erb:3
  Rendered posts/index.html.erb within layouts/application (6.5ms)
  [1m[36mAdmin Load (0.3ms)[0m  [1m[34mSELECT  "admins".* FROM "admins" WHERE "admins"."id" = ? ORDER BY "admins"."id" ASC LIMIT ?[0m  [["id", 1], ["LIMIT", 1]]
  ↳ app/views/layouts/_header.html.erb:5
  Rendered layouts/_header.html.erb (2.9ms)
  Rendered layouts/_footer.html.erb (0.6ms)
Completed 200 OK in 196ms (Views: 192.0ms | ActiveRecord: 0.5ms)


Started GET "/posts" for 127.0.0.1 at 2019-03-28 01:15:43 -0400
Processing by PostsController#index as HTML
  Rendering posts/index.html.erb within layouts/application
  [1m[36mPost Load (0.3ms)[0m  [1m[34mSELECT "posts".* FROM "posts"[0m
  ↳ app/views/posts/index.html.erb:3
  Rendered posts/index.html.erb within layouts/application (2.0ms)
  [1m[36mAdmin Load (0.5ms)[0m  [1m[34mSELECT  "admins".* FROM "admins" WHERE "admins"."id" = ? ORDER BY "admins"."id" ASC LIMIT ?[0m  [["id", 1], ["LIMIT", 1]]
  ↳ app/views/layouts/_header.html.erb:5
  Rendered layouts/_header.html.erb (3.4ms)
  Rendered layouts/_footer.html.erb (0.5ms)
Completed 200 OK in 156ms (Views: 151.0ms | ActiveRecord: 0.8ms)


Started GET "/posts" for 127.0.0.1 at 2019-03-28 01:15:43 -0400
Processing by PostsController#index as HTML
  Rendering posts/index.html.erb within layouts/application
  [1m[36mPost Load (0.3ms)[0m  [1m[34mSELECT "posts".* FROM "posts"[0m
  ↳ app/views/posts/index.html.erb:3
  Rendered posts/index.html.erb within layouts/application (3.5ms)
  [1m[36mAdmin Load (0.3ms)[0m  [1m[34mSELECT  "admins".* FROM "admins" WHERE "admins"."id" = ? ORDER BY "admins"."id" ASC LIMIT ?[0m  [["id", 1], ["LIMIT", 1]]
  ↳ app/views/layouts/_header.html.erb:5
  Rendered layouts/_header.html.erb (3.0ms)
  Rendered layouts/_footer.html.erb (0.5ms)
Completed 200 OK in 146ms (Views: 140.0ms | ActiveRecord: 0.6ms)


Started GET "/posts" for 127.0.0.1 at 2019-03-28 01:15:43 -0400
Processing by PostsController#index as HTML
  Rendering posts/index.html.erb within layouts/application
  [1m[36mPost Load (0.2ms)[0m  [1m[34mSELECT "posts".* FROM "posts"[0m
  ↳ app/views/posts/index.html.erb:3
  Rendered posts/index.html.erb within layouts/application (9.5ms)
  [1m[36mAdmin Load (0.2ms)[0m  [1m[34mSELECT  "admins".* FROM "admins" WHERE "admins"."id" = ? ORDER BY "admins"."id" ASC LIMIT ?[0m  [["id", 1], ["LIMIT", 1]]
  ↳ app/views/layouts/_header.html.erb:5
  Rendered layouts/_header.html.erb (2.3ms)
  Rendered layouts/_footer.html.erb (0.5ms)
Completed 200 OK in 176ms (Views: 170.6ms | ActiveRecord: 0.4ms)


Started GET "/posts" for 127.0.0.1 at 2019-03-28 01:15:44 -0400
Processing by PostsController#index as HTML
  Rendering posts/index.html.erb within layouts/application
  [1m[36mPost Load (0.2ms)[0m  [1m[34mSELECT "posts".* FROM "posts"[0m
  ↳ app/views/posts/index.html.erb:3
  Rendered posts/index.html.erb within layouts/application (1.9ms)
  [1m[36mAdmin Load (0.3ms)[0m  [1m[34mSELECT  "admins".* FROM "admins" WHERE "admins"."id" = ? ORDER BY "admins"."id" ASC LIMIT ?[0m  [["id", 1], ["LIMIT", 1]]
  ↳ app/views/layouts/_header.html.erb:5
  Rendered layouts/_header.html.erb (3.2ms)
  Rendered layouts/_footer.html.erb (0.5ms)
Completed 200 OK in 158ms (Views: 144.9ms | ActiveRecord: 0.6ms)


Started GET "/posts" for 127.0.0.1 at 2019-03-28 01:15:44 -0400
Processing by PostsController#index as HTML
  Rendering posts/index.html.erb within layouts/application
  [1m[36mPost Load (0.3ms)[0m  [1m[34mSELECT "posts".* FROM "posts"[0m
  ↳ app/views/posts/index.html.erb:3
  Rendered posts/index.html.erb within layouts/application (3.1ms)
  [1m[36mAdmin Load (0.3ms)[0m  [1m[34mSELECT  "admins".* FROM "admins" WHERE "admins"."id" = ? ORDER BY "admins"."id" ASC LIMIT ?[0m  [["id", 1], ["LIMIT", 1]]
  ↳ app/views/layouts/_header.html.erb:5
  Rendered layouts/_header.html.erb (5.0ms)
  Rendered layouts/_footer.html.erb (0.7ms)
Completed 200 OK in 344ms (Views: 339.7ms | ActiveRecord: 0.7ms)


Started GET "/posts" for 127.0.0.1 at 2019-03-28 01:15:44 -0400
Processing by PostsController#index as HTML
  Rendering posts/index.html.erb within layouts/application
  [1m[36mPost Load (0.3ms)[0m  [1m[34mSELECT "posts".* FROM "posts"[0m
  ↳ app/views/posts/index.html.erb:3
  Rendered posts/index.html.erb within layouts/application (4.2ms)
  [1m[36mAdmin Load (0.3ms)[0m  [1m[34mSELECT  "admins".* FROM "admins" WHERE "admins"."id" = ? ORDER BY "admins"."id" ASC LIMIT ?[0m  [["id", 1], ["LIMIT", 1]]
  ↳ app/views/layouts/_header.html.erb:5
  Rendered layouts/_header.html.erb (2.7ms)
  Rendered layouts/_footer.html.erb (0.5ms)
Completed 200 OK in 252ms (Views: 247.1ms | ActiveRecord: 0.6ms)


Started GET "/posts" for 127.0.0.1 at 2019-03-28 01:15:44 -0400
Processing by PostsController#index as HTML
  Rendering posts/index.html.erb within layouts/application
  [1m[36mPost Load (0.2ms)[0m  [1m[34mSELECT "posts".* FROM "posts"[0m
  ↳ app/views/posts/index.html.erb:3
  Rendered posts/index.html.erb within layouts/application (9.3ms)
  [1m[36mAdmin Load (0.3ms)[0m  [1m[34mSELECT  "admins".* FROM "admins" WHERE "admins"."id" = ? ORDER BY "admins"."id" ASC LIMIT ?[0m  [["id", 1], ["LIMIT", 1]]
  ↳ app/views/layouts/_header.html.erb:5
  Rendered layouts/_header.html.erb (3.1ms)
  Rendered layouts/_footer.html.erb (0.5ms)
Completed 200 OK in 340ms (Views: 336.0ms | ActiveRecord: 0.6ms)


Started GET "/posts" for 127.0.0.1 at 2019-03-28 01:15:45 -0400
Processing by PostsController#index as HTML
  Rendering posts/index.html.erb within layouts/application
  [1m[36mPost Load (0.2ms)[0m  [1m[34mSELECT "posts".* FROM "posts"[0m
  ↳ app/views/posts/index.html.erb:3
  Rendered posts/index.html.erb within layouts/application (2.1ms)
  [1m[36mAdmin Load (0.4ms)[0m  [1m[34mSELECT  "admins".* FROM "admins" WHERE "admins"."id" = ? ORDER BY "admins"."id" ASC LIMIT ?[0m  [["id", 1], ["LIMIT", 1]]
  ↳ app/views/layouts/_header.html.erb:5
  Rendered layouts/_header.html.erb (4.3ms)
  Rendered layouts/_footer.html.erb (0.6ms)
Completed 200 OK in 291ms (Views: 286.2ms | ActiveRecord: 0.6ms)


Started GET "/posts" for 127.0.0.1 at 2019-03-28 01:15:45 -0400
Processing by PostsController#index as HTML
  Rendering posts/index.html.erb within layouts/application
  [1m[36mPost Load (0.3ms)[0m  [1m[34mSELECT "posts".* FROM "posts"[0m
  ↳ app/views/posts/index.html.erb:3
  Rendered posts/index.html.erb within layouts/application (27.0ms)
  [1m[36mAdmin Load (0.4ms)[0m  [1m[34mSELECT  "admins".* FROM "admins" WHERE "admins"."id" = ? ORDER BY "admins"."id" ASC LIMIT ?[0m  [["id", 1], ["LIMIT", 1]]
  ↳ app/views/layouts/_header.html.erb:5
  Rendered layouts/_header.html.erb (4.1ms)
  Rendered layouts/_footer.html.erb (0.9ms)
Started GET "/" for 127.0.0.1 at 2019-03-28 01:15:45 -0400
Processing by PagesController#welcome as HTML
  Rendering pages/welcome.html.erb within layouts/application
  Rendered pages/welcome.html.erb within layouts/application (0.6ms)
  [1m[36mAdmin Load (0.5ms)[0m  [1m[34mSELECT  "admins".* FROM "admins" WHERE "admins"."id" = ? ORDER BY "admins"."id" ASC LIMIT ?[0m  [["id", 1], ["LIMIT", 1]]
  ↳ app/views/layouts/_header.html.erb:5
  Rendered layouts/_header.html.erb (9.7ms)
  Rendered layouts/_footer.html.erb (0.6ms)
Completed 200 OK in 349ms (Views: 343.8ms | ActiveRecord: 0.7ms)


Completed 200 OK in 350ms (Views: 345.8ms | ActiveRecord: 0.5ms)


Started GET "/contact" for 127.0.0.1 at 2019-03-28 01:15:46 -0400
Processing by PagesController#contact as HTML
  Rendering pages/contact.html.erb within layouts/application
  Rendered pages/contact.html.erb within layouts/application (0.7ms)
  [1m[36mAdmin Load (0.4ms)[0m  [1m[34mSELECT  "admins".* FROM "admins" WHERE "admins"."id" = ? ORDER BY "admins"."id" ASC LIMIT ?[0m  [["id", 1], ["LIMIT", 1]]
  ↳ app/views/layouts/_header.html.erb:5
  Rendered layouts/_header.html.erb (3.9ms)
  Rendered layouts/_footer.html.erb (0.5ms)
Completed 200 OK in 125ms (Views: 120.9ms | ActiveRecord: 0.4ms)


Started GET "/posts" for 127.0.0.1 at 2019-03-28 01:15:54 -0400
Processing by PostsController#index as HTML
  Rendering posts/index.html.erb within layouts/application
  [1m[36mPost Load (0.4ms)[0m  [1m[34mSELECT "posts".* FROM "posts"[0m
  ↳ app/views/posts/index.html.erb:3
  Rendered posts/index.html.erb within layouts/application (2.7ms)
  [1m[36mAdmin Load (0.2ms)[0m  [1m[34mSELECT  "admins".* FROM "admins" WHERE "admins"."id" = ? ORDER BY "admins"."id" ASC LIMIT ?[0m  [["id", 1], ["LIMIT", 1]]
  ↳ app/views/layouts/_header.html.erb:5
  Rendered layouts/_header.html.erb (2.1ms)
  Rendered layouts/_footer.html.erb (0.9ms)
Completed 200 OK in 131ms (Views: 127.6ms | ActiveRecord: 0.6ms)


Started GET "/admins/edit" for 127.0.0.1 at 2019-03-28 01:15:56 -0400
Processing by Devise::RegistrationsController#edit as HTML
  [1m[36mAdmin Load (0.5ms)[0m  [1m[34mSELECT  "admins".* FROM "admins" WHERE "admins"."id" = ? ORDER BY "admins"."id" ASC LIMIT ?[0m  [["id", 1], ["LIMIT", 1]]
  ↳ /Users/celsosilva/.rvm/gems/ruby-2.5.3/gems/activerecord-5.2.2/lib/active_record/log_subscriber.rb:98
  Rendering admins/registrations/edit.html.erb within layouts/application
  Rendered admins/registrations/edit.html.erb within layouts/application (4.0ms)
  Rendered layouts/_header.html.erb (0.9ms)
  Rendered layouts/_footer.html.erb (0.6ms)
Completed 200 OK in 209ms (Views: 203.9ms | ActiveRecord: 0.5ms)


Started GET "/admins/contact" for 127.0.0.1 at 2019-03-28 01:15:58 -0400
  
ActionController::RoutingError (No route matches [GET] "/admins/contact"):
  
actionpack (5.2.2) lib/action_dispatch/middleware/debug_exceptions.rb:65:in `call'
web-console (3.7.0) lib/web_console/middleware.rb:135:in `call_app'
web-console (3.7.0) lib/web_console/middleware.rb:30:in `block in call'
web-console (3.7.0) lib/web_console/middleware.rb:20:in `catch'
web-console (3.7.0) lib/web_console/middleware.rb:20:in `call'
actionpack (5.2.2) lib/action_dispatch/middleware/show_exceptions.rb:33:in `call'
railties (5.2.2) lib/rails/rack/logger.rb:38:in `call_app'
railties (5.2.2) lib/rails/rack/logger.rb:26:in `block in call'
activesupport (5.2.2) lib/active_support/tagged_logging.rb:71:in `block in tagged'
activesupport (5.2.2) lib/active_support/tagged_logging.rb:28:in `tagged'
activesupport (5.2.2) lib/active_support/tagged_logging.rb:71:in `tagged'
railties (5.2.2) lib/rails/rack/logger.rb:26:in `call'
sprockets-rails (3.2.1) lib/sprockets/rails/quiet_assets.rb:13:in `call'
actionpack (5.2.2) lib/action_dispatch/middleware/remote_ip.rb:81:in `call'
actionpack (5.2.2) lib/action_dispatch/middleware/request_id.rb:27:in `call'
rack (2.0.6) lib/rack/method_override.rb:22:in `call'
rack (2.0.6) lib/rack/runtime.rb:22:in `call'
activesupport (5.2.2) lib/active_support/cache/strategy/local_cache_middleware.rb:29:in `call'
actionpack (5.2.2) lib/action_dispatch/middleware/executor.rb:14:in `call'
actionpack (5.2.2) lib/action_dispatch/middleware/static.rb:127:in `call'
rack (2.0.6) lib/rack/sendfile.rb:111:in `call'
railties (5.2.2) lib/rails/engine.rb:524:in `call'
puma (3.12.0) lib/puma/configuration.rb:225:in `call'
puma (3.12.0) lib/puma/server.rb:658:in `handle_request'
puma (3.12.0) lib/puma/server.rb:472:in `process_client'
puma (3.12.0) lib/puma/server.rb:332:in `block in run'
puma (3.12.0) lib/puma/thread_pool.rb:133:in `block in spawn_thread'
Started GET "/admins/edit" for 127.0.0.1 at 2019-03-28 01:16:00 -0400
Processing by Devise::RegistrationsController#edit as HTML
  [1m[36mAdmin Load (0.4ms)[0m  [1m[34mSELECT  "admins".* FROM "admins" WHERE "admins"."id" = ? ORDER BY "admins"."id" ASC LIMIT ?[0m  [["id", 1], ["LIMIT", 1]]
  ↳ /Users/celsosilva/.rvm/gems/ruby-2.5.3/gems/activerecord-5.2.2/lib/active_record/log_subscriber.rb:98
  Rendering admins/registrations/edit.html.erb within layouts/application
  Rendered admins/registrations/edit.html.erb within layouts/application (14.0ms)
  Rendered layouts/_header.html.erb (1.5ms)
  Rendered layouts/_footer.html.erb (0.4ms)
Completed 200 OK in 361ms (Views: 356.9ms | ActiveRecord: 0.4ms)


Started GET "/admins/edit" for 127.0.0.1 at 2019-03-28 01:16:01 -0400
Processing by Devise::RegistrationsController#edit as HTML
  [1m[36mAdmin Load (0.4ms)[0m  [1m[34mSELECT  "admins".* FROM "admins" WHERE "admins"."id" = ? ORDER BY "admins"."id" ASC LIMIT ?[0m  [["id", 1], ["LIMIT", 1]]
  ↳ /Users/celsosilva/.rvm/gems/ruby-2.5.3/gems/activerecord-5.2.2/lib/active_record/log_subscriber.rb:98
  Rendering admins/registrations/edit.html.erb within layouts/application
  Rendered admins/registrations/edit.html.erb within layouts/application (9.1ms)
  Rendered layouts/_header.html.erb (10.2ms)
  Rendered layouts/_footer.html.erb (0.5ms)
Completed 200 OK in 185ms (Views: 182.4ms | ActiveRecord: 0.4ms)


Started GET "/admins/edit" for 127.0.0.1 at 2019-03-28 01:16:01 -0400
Processing by Devise::RegistrationsController#edit as HTML
  [1m[36mAdmin Load (0.4ms)[0m  [1m[34mSELECT  "admins".* FROM "admins" WHERE "admins"."id" = ? ORDER BY "admins"."id" ASC LIMIT ?[0m  [["id", 1], ["LIMIT", 1]]
  ↳ /Users/celsosilva/.rvm/gems/ruby-2.5.3/gems/activerecord-5.2.2/lib/active_record/log_subscriber.rb:98
  Rendering admins/registrations/edit.html.erb within layouts/application
  Rendered admins/registrations/edit.html.erb within layouts/application (10.7ms)
  Rendered layouts/_header.html.erb (0.8ms)
  Rendered layouts/_footer.html.erb (0.5ms)
Completed 200 OK in 272ms (Views: 269.5ms | ActiveRecord: 0.4ms)


Started GET "/admins/edit" for 127.0.0.1 at 2019-03-28 01:16:04 -0400
Processing by Devise::RegistrationsController#edit as HTML
  [1m[36mAdmin Load (0.4ms)[0m  [1m[34mSELECT  "admins".* FROM "admins" WHERE "admins"."id" = ? ORDER BY "admins"."id" ASC LIMIT ?[0m  [["id", 1], ["LIMIT", 1]]
  ↳ /Users/celsosilva/.rvm/gems/ruby-2.5.3/gems/activerecord-5.2.2/lib/active_record/log_subscriber.rb:98
  Rendering admins/registrations/edit.html.erb within layouts/application
  Rendered admins/registrations/edit.html.erb within layouts/application (7.1ms)
  Rendered layouts/_header.html.erb (0.7ms)
  Rendered layouts/_footer.html.erb (0.3ms)
Completed 200 OK in 155ms (Views: 152.3ms | ActiveRecord: 0.4ms)


Started GET "/posts" for 127.0.0.1 at 2019-03-28 01:17:24 -0400
Processing by PostsController#index as HTML
  Rendering posts/index.html.erb within layouts/application
  [1m[36mPost Load (0.3ms)[0m  [1m[34mSELECT "posts".* FROM "posts"[0m
  ↳ app/views/posts/index.html.erb:3
  Rendered posts/index.html.erb within layouts/application (1.4ms)
  [1m[36mAdmin Load (0.4ms)[0m  [1m[34mSELECT  "admins".* FROM "admins" WHERE "admins"."id" = ? ORDER BY "admins"."id" ASC LIMIT ?[0m  [["id", 1], ["LIMIT", 1]]
  ↳ app/views/layouts/_header.html.erb:5
  Rendered layouts/_header.html.erb (2.2ms)
  Rendered layouts/_footer.html.erb (0.4ms)
Completed 200 OK in 139ms (Views: 132.7ms | ActiveRecord: 0.6ms)


Started GET "/" for 127.0.0.1 at 2019-03-28 01:17:33 -0400
Processing by PagesController#welcome as HTML
  Rendering pages/welcome.html.erb within layouts/application
  Rendered pages/welcome.html.erb within layouts/application (0.8ms)
  [1m[36mAdmin Load (0.2ms)[0m  [1m[34mSELECT  "admins".* FROM "admins" WHERE "admins"."id" = ? ORDER BY "admins"."id" ASC LIMIT ?[0m  [["id", 1], ["LIMIT", 1]]
  ↳ app/views/layouts/_header.html.erb:5
  Rendered layouts/_header.html.erb (2.1ms)
  Rendered layouts/_footer.html.erb (0.3ms)
Completed 200 OK in 105ms (Views: 98.6ms | ActiveRecord: 0.2ms)


Started GET "/posts" for 127.0.0.1 at 2019-03-28 01:17:55 -0400
Processing by PostsController#index as HTML
  Rendering posts/index.html.erb within layouts/application
  [1m[36mPost Load (0.6ms)[0m  [1m[34mSELECT "posts".* FROM "posts"[0m
  ↳ app/views/posts/index.html.erb:3
  Rendered posts/index.html.erb within layouts/application (3.8ms)
  [1m[36mAdmin Load (0.2ms)[0m  [1m[34mSELECT  "admins".* FROM "admins" WHERE "admins"."id" = ? ORDER BY "admins"."id" ASC LIMIT ?[0m  [["id", 1], ["LIMIT", 1]]
  ↳ app/views/layouts/_header.html.erb:5
  Rendered layouts/_header.html.erb (3.0ms)
  Rendered layouts/_footer.html.erb (0.6ms)
Completed 200 OK in 156ms (Views: 148.2ms | ActiveRecord: 0.8ms)


Started GET "/contact" for 127.0.0.1 at 2019-03-28 01:17:58 -0400
Processing by PagesController#contact as HTML
  Rendering pages/contact.html.erb within layouts/application
  Rendered pages/contact.html.erb within layouts/application (0.8ms)
  [1m[36mAdmin Load (0.3ms)[0m  [1m[34mSELECT  "admins".* FROM "admins" WHERE "admins"."id" = ? ORDER BY "admins"."id" ASC LIMIT ?[0m  [["id", 1], ["LIMIT", 1]]
  ↳ app/views/layouts/_header.html.erb:5
  Rendered layouts/_header.html.erb (2.9ms)
  Rendered layouts/_footer.html.erb (0.4ms)
Completed 200 OK in 115ms (Views: 108.6ms | ActiveRecord: 0.3ms)


Started GET "/admins/edit" for 127.0.0.1 at 2019-03-28 01:18:02 -0400
Processing by Devise::RegistrationsController#edit as HTML
  [1m[36mAdmin Load (0.3ms)[0m  [1m[34mSELECT  "admins".* FROM "admins" WHERE "admins"."id" = ? ORDER BY "admins"."id" ASC LIMIT ?[0m  [["id", 1], ["LIMIT", 1]]
  ↳ /Users/celsosilva/.rvm/gems/ruby-2.5.3/gems/activerecord-5.2.2/lib/active_record/log_subscriber.rb:98
  Rendering admins/registrations/edit.html.erb within layouts/application
  Rendered admins/registrations/edit.html.erb within layouts/application (7.7ms)
  Rendered layouts/_header.html.erb (3.1ms)
  Rendered layouts/_footer.html.erb (0.7ms)
Completed 200 OK in 169ms (Views: 164.5ms | ActiveRecord: 0.3ms)


